08:30:43 | INFO  | 🦞main | 🚀 CLI 启动: industry
08:30:43 | INFO  | 🦞main | 📁 创建任务 20260512_083043 [industry] '科技风向'
08:30:43 | INFO  | 🦞main |    🎨 样式: purple/liquid/square
08:30:43 | INFO  | 🦞main | ▶ run_task 启动 | 目录: C:\Users\Livecha\.workbuddy\skills\lobster-research-v2.2\output\tasks\20260512_083043
08:30:43 | INFO  | 🦞task-runner | 📋 TaskRunner 初始化 | 任务 20260512_083043 | 类型 industry | 目录 C:\Users\Livecha\.workbuddy\skills\lobster-research-v2.2\output\tasks\20260512_083043
08:30:43 | INFO  | 🦞main | ▶ Phase 1 开始 | 步骤: ['search_research', 'search']
08:30:43 | INFO  | 🦞main |   ▶ 执行步骤: search_research
08:30:43 | INFO  | 🦞task-runner |   预留步骤占位: search_research → 4_search_research_report.json
08:30:43 | INFO  | 🦞main |   ▶ 执行步骤: search
08:30:43 | INFO  | 🦞search | 📂 从 keywords/industry.json 加载 4 组搜索词
08:30:46 | INFO  | 🦞main | ✅ Phase 1 完成 | 任务 20260512_083043 | status=DATA_DONE | 步骤状态: {'search_research': 'done', 'search': 'done'}
08:30:46 | INFO  | 🦞task-runner |   生成 Agent 简报: 5_agent_briefing.md
08:30:46 | INFO  | 🦞main |   ▶ run_mode=skill
08:30:46 | INFO  | 🦞main | 📋 Phase 2 已就绪 | 任务 20260512_083043 | 等待 Agent 填充 5_agent_report_input.json
08:32:46 | INFO  | 🦞main | 🚀 CLI 启动: generate
08:32:46 | INFO  | 🦞main | 📄 Generate 任务 20260512_083043 (类型: hangye_baogao)
08:32:46 | INFO  | 🦞main | ▶ Phase 3 开始: generate_report(20260512_083043)
08:32:46 | INFO  | 🦞task-runner | 📋 TaskRunner 初始化 | 任务 20260512_083043 | 类型 industry | 目录 C:\Users\Livecha\.workbuddy\skills\lobster-research-v2.2\output\tasks\20260512_083043
08:32:46 | INFO  | 🦞task-runner |   开始生成报告: C:\Users\Livecha\.workbuddy\skills\lobster-research-v2.2\output\tasks\20260512_083043\5_agent_report_input.json
08:32:46 | ERROR | 🦞main | ❌  报告生成失败: Expecting ',' delimiter: line 239 column 7 (char 13674)
08:38:52 | INFO  | 🦞main | 🚀 CLI 启动: generate
08:38:52 | INFO  | 🦞main | 📄 Generate 任务 20260512_083043 (类型: hangye_baogao)
08:38:52 | INFO  | 🦞main | ▶ Phase 3 开始: generate_report(20260512_083043)
08:38:52 | INFO  | 🦞task-runner | 📋 TaskRunner 初始化 | 任务 20260512_083043 | 类型 industry | 目录 C:\Users\Livecha\.workbuddy\skills\lobster-research-v2.2\output\tasks\20260512_083043
08:38:52 | INFO  | 🦞task-runner |   开始生成报告: C:\Users\Livecha\.workbuddy\skills\lobster-research-v2.2\output\tasks\20260512_083043\5_agent_report_input.json
08:38:57 | INFO  | 🦞main | ✅ 报告生成成功 [hangye_baogao] C:\Users\Livecha\.workbuddy\skills\lobster-research-v2.2\output\tasks\20260512_083043\report_20260512_083043.pdf
12:01:19 | INFO  | 🦞main | 🚀 CLI 启动: market
12:01:19 | INFO  | 🦞main | 📁 创建任务 20260512_120119 [market] ''
12:01:19 | INFO  | 🦞main |    🎨 样式: purple/liquid/square
12:01:19 | INFO  | 🦞main | ▶ run_task 启动 | 目录: C:\Users\Livecha\.workbuddy\skills\lobster-research-v2.2\output\tasks\20260512_120119
12:01:19 | INFO  | 🦞task-runner | 📋 TaskRunner 初始化 | 任务 20260512_120119 | 类型 market | 目录 C:\Users\Livecha\.workbuddy\skills\lobster-research-v2.2\output\tasks\20260512_120119
12:01:19 | INFO  | 🦞main | ▶ Phase 1 开始 | 步骤: ['market_index', 'market_state', 'news_market_flash', 'search_market_batch', 'search']
12:01:19 | INFO  | 🦞main |   ▶ 执行步骤: market_index
12:01:19 | INFO  | 🦞task-runner |   开始采集大盘指数
12:01:19 | INFO  | 🦞main |   ▶ 执行步骤: market_state
12:01:19 | INFO  | 🦞task-runner |   开始采集大盘整体状况: market_state
12:01:19 | INFO  | 🦞task-runner |   ▶ 执行脚本: scripts/market_state.py
12:01:30 | INFO  | 🦞task-runner |   ✅ scripts/market_state.py → 成功 (0 bytes)
12:01:30 | INFO  | 🦞main |   ▶ 执行步骤: news_market_flash
12:01:30 | INFO  | 🦞task-runner |   预留步骤占位: news_market_flash → 3_news_market_flash.json
12:01:30 | INFO  | 🦞main |   ▶ 执行步骤: search_market_batch
12:01:30 | INFO  | 🦞task-runner |   预留步骤占位: search_market_batch → 4_search_market_batch.json
12:01:30 | INFO  | 🦞main |   ▶ 执行步骤: search
12:01:30 | INFO  | 🦞search | 📂 从 keywords/market.json 加载 5 组搜索词
12:01:33 | INFO  | 🦞main | ✅ Phase 1 完成 | 任务 20260512_120119 | status=DATA_DONE | 步骤状态: {'market_index': 'done', 'market_state': 'done', 'news_market_flash': 'done', 'search_market_batch': 'done', 'search': 'done'}
12:01:33 | INFO  | 🦞task-runner |   生成 Agent 简报: 5_agent_briefing.md
12:01:33 | INFO  | 🦞main |   ▶ run_mode=skill
12:01:33 | INFO  | 🦞main | 📋 Phase 2 已就绪 | 任务 20260512_120119 | 等待 Agent 填充 5_agent_report_input.json
12:03:39 | INFO  | 🦞main | 🚀 CLI 启动: generate
12:03:39 | INFO  | 🦞main | 📄 Generate 任务 20260512_120119 (类型: dapan_ribao)
12:03:39 | INFO  | 🦞main | ▶ Phase 3 开始: generate_report(20260512_120119)
12:03:39 | INFO  | 🦞task-runner | 📋 TaskRunner 初始化 | 任务 20260512_120119 | 类型 market | 目录 C:\Users\Livecha\.workbuddy\skills\lobster-research-v2.2\output\tasks\20260512_120119
12:03:39 | INFO  | 🦞task-runner |   开始生成报告: C:\Users\Livecha\.workbuddy\skills\lobster-research-v2.2\output\tasks\20260512_120119\5_agent_report_input.json
12:03:45 | INFO  | 🦞main | ✅ 报告生成成功 [dapan_ribao] C:\Users\Livecha\.workbuddy\skills\lobster-research-v2.2\output\tasks\20260512_120119\report_20260512_120119.pdf
13:18:33 | INFO  | 🦞main | 🚀 CLI 启动: screener
13:18:33 | INFO  | 🦞main |    🎯 投资风格《growth》→ 自动派生选股主题: 高科技 高成长 新兴 景气赛道
13:18:33 | INFO  | 🦞main | 📁 创建任务 20260512_131833 [screener] ''
13:18:33 | INFO  | 🦞main |    🎨 样式: purple/liquid/square
13:18:33 | INFO  | 🦞main | ▶ run_task 启动 | 目录: C:\Users\Livecha\.workbuddy\skills\lobster-research-v2.2\output\tasks\20260512_131833
13:18:33 | INFO  | 🦞task-runner | 📋 TaskRunner 初始化 | 任务 20260512_131833 | 类型 screener | 目录 C:\Users\Livecha\.workbuddy\skills\lobster-research-v2.2\output\tasks\20260512_131833
13:18:33 | INFO  | 🦞main | ▶ Phase 1 开始 | 步骤: ['market_index', 'market_state', 'news_market_flash', 'search_research', 'search_stock_batch', 'search']
13:18:33 | INFO  | 🦞main |   ▶ 执行步骤: market_index
13:18:33 | INFO  | 🦞task-runner |   开始采集大盘指数
13:18:34 | INFO  | 🦞main |   ▶ 执行步骤: market_state
13:18:34 | INFO  | 🦞task-runner |   开始采集大盘整体状况: market_state
13:18:34 | INFO  | 🦞task-runner |   ▶ 执行脚本: scripts/market_state.py
13:18:39 | INFO  | 🦞task-runner |   ✅ scripts/market_state.py → 成功 (0 bytes)
13:18:39 | INFO  | 🦞main |   ▶ 执行步骤: news_market_flash
13:18:39 | INFO  | 🦞task-runner |   预留步骤占位: news_market_flash → 3_news_market_flash.json
13:18:39 | INFO  | 🦞main |   ▶ 执行步骤: search_research
13:18:39 | INFO  | 🦞task-runner |   预留步骤占位: search_research → 4_search_research_report.json
13:18:39 | INFO  | 🦞main |   ▶ 执行步骤: search_stock_batch
13:18:39 | INFO  | 🦞task-runner |   预留步骤占位: search_stock_batch → 4_search_stock_batch.json
13:18:39 | INFO  | 🦞main |   ▶ 执行步骤: search
13:18:39 | INFO  | 🦞search | 📂 从 keywords/screener.json 加载 3 组搜索词
13:18:41 | INFO  | 🦞main | ✅ Phase 1 完成 | 任务 20260512_131833 | status=DATA_DONE | 步骤状态: {'market_index': 'done', 'market_state': 'done', 'news_market_flash': 'done', 'search_research': 'done', 'search_stock_batch': 'done', 'search': 'done'}
13:18:41 | INFO  | 🦞task-runner |   生成 Agent 简报: 5_agent_briefing.md
13:18:41 | INFO  | 🦞main |   ▶ run_mode=skill
13:18:41 | INFO  | 🦞main | 📋 Phase 2 已就绪 | 任务 20260512_131833 | 等待 Agent 填充 5_agent_report_input.json
13:22:39 | INFO  | 🦞main | 🚀 CLI 启动: generate
13:22:39 | INFO  | 🦞main | 📄 Generate 任务 20260512_131833 (类型: kuaisu_xuangu)
13:22:39 | INFO  | 🦞main | ▶ Phase 3 开始: generate_report(20260512_131833)
13:22:39 | INFO  | 🦞task-runner | 📋 TaskRunner 初始化 | 任务 20260512_131833 | 类型 screener | 目录 C:\Users\Livecha\.workbuddy\skills\lobster-research-v2.2\output\tasks\20260512_131833
13:22:39 | INFO  | 🦞task-runner |   开始生成报告: C:\Users\Livecha\.workbuddy\skills\lobster-research-v2.2\output\tasks\20260512_131833\5_agent_report_input.json
13:22:49 | INFO  | 🦞main | ✅ 报告生成成功 [kuaisu_xuangu] C:\Users\Livecha\.workbuddy\skills\lobster-research-v2.2\output\tasks\20260512_131833\report_20260512_131833.pdf
13:34:57 | INFO  | 🦞main | 🚀 CLI 启动: portfolio
13:34:57 | INFO  | 🦞main | 📁 创建任务 20260512_133457 [portfolio] ''
13:34:57 | INFO  | 🦞main |    🎨 样式: purple/liquid/square
13:34:57 | INFO  | 🦞main | ▶ run_task 启动 | 目录: C:\Users\Livecha\.workbuddy\skills\lobster-research-v2.2\output\tasks\20260512_133457
13:34:57 | INFO  | 🦞task-runner | 📋 TaskRunner 初始化 | 任务 20260512_133457 | 类型 portfolio | 目录 C:\Users\Livecha\.workbuddy\skills\lobster-research-v2.2\output\tasks\20260512_133457
13:34:57 | INFO  | 🦞main | ▶ Phase 1 开始 | 步骤: ['portfolio', 'market_index', 'market_state', 'emu_portfolio', 'emu_operation', 'emu_reflection', 'search']
13:34:57 | INFO  | 🦞main |   ▶ 执行步骤: portfolio
13:34:57 | INFO  | 🦞task-runner |   开始持仓诊断: config/portfolio.json
13:34:57 | INFO  | 🦞main |   ▶ 执行步骤: market_index
13:34:57 | INFO  | 🦞task-runner |   开始采集大盘指数
13:34:58 | INFO  | 🦞main |   ▶ 执行步骤: market_state
13:34:58 | INFO  | 🦞task-runner |   开始采集大盘整体状况: market_state
13:34:58 | INFO  | 🦞task-runner |   ▶ 执行脚本: scripts/market_state.py
13:35:03 | INFO  | 🦞task-runner |   ✅ scripts/market_state.py → 成功 (0 bytes)
13:35:03 | INFO  | 🦞main |   ▶ 执行步骤: emu_portfolio
13:35:03 | INFO  | 🦞task-runner |   预留步骤占位: emu_portfolio → 6_emu_portfolio.json
13:35:03 | INFO  | 🦞main |   ▶ 执行步骤: emu_operation
13:35:03 | INFO  | 🦞task-runner |   预留步骤占位: emu_operation → 6_emu_operation_log.json
13:35:03 | INFO  | 🦞main |   ▶ 执行步骤: emu_reflection
13:35:03 | INFO  | 🦞task-runner |   预留步骤占位: emu_reflection → 6_emu_reflection_review.json
13:35:03 | INFO  | 🦞main |   ▶ 执行步骤: search
13:35:03 | INFO  | 🦞search | 📂 从 keywords/portfolio.json 加载 3 组搜索词
13:35:05 | INFO  | 🦞main | ✅ Phase 1 完成 | 任务 20260512_133457 | status=DATA_DONE | 步骤状态: {'portfolio': 'failed', 'market_index': 'done', 'market_state': 'done', 'emu_portfolio': 'done', 'emu_operation': 'done', 'emu_reflection': 'done', 'search': 'done'}
13:35:05 | INFO  | 🦞task-runner |   生成 Agent 简报: 5_agent_briefing.md
13:35:05 | INFO  | 🦞main |   ▶ run_mode=skill
13:35:05 | INFO  | 🦞main | 📋 Phase 2 已就绪 | 任务 20260512_133457 | 等待 Agent 填充 5_agent_report_input.json
13:38:26 | INFO  | 🦞main | 🚀 CLI 启动: generate
13:38:26 | INFO  | 🦞main | 📄 Generate 任务 20260512_133457 (类型: chicang_zhenduan)
13:38:26 | INFO  | 🦞main | ▶ Phase 3 开始: generate_report(20260512_133457)
13:38:26 | INFO  | 🦞task-runner | 📋 TaskRunner 初始化 | 任务 20260512_133457 | 类型 portfolio | 目录 C:\Users\Livecha\.workbuddy\skills\lobster-research-v2.2\output\tasks\20260512_133457
13:38:26 | INFO  | 🦞task-runner |   开始生成报告: C:\Users\Livecha\.workbuddy\skills\lobster-research-v2.2\output\tasks\20260512_133457\5_agent_report_input.json
13:38:35 | INFO  | 🦞emu | 
13:38:35 | INFO  | 🦞emu | ============================================================
13:38:35 | INFO  | 🦞emu |   🦞 模拟持仓周期
13:38:35 | INFO  | 🦞emu | ============================================================
13:38:35 | INFO  | 🦞emu | 🔄 已从用户持仓同步行情
13:38:35 | INFO  | 🦞emu | ℹ️  无交易决策
13:38:35 | INFO  | 🦞task-runner |   模拟盘: 无需交易 (decisions=0)
13:38:35 | INFO  | 🦞main | ✅ 报告生成成功 [chicang_zhenduan] C:\Users\Livecha\.workbuddy\skills\lobster-research-v2.2\output\tasks\20260512_133457\report_20260512_133457.pdf
13:44:11 | INFO  | 🦞main | 🚀 CLI 启动: emu
13:44:11 | INFO  | 🦞emu | 📝 初始反思记录（空仓）已创建
13:44:11 | INFO  | 🦞emu | 💰 新建模拟持仓：50000 元
13:44:16 | INFO  | 🦞main | 🚀 CLI 启动: portfolio
13:44:16 | INFO  | 🦞main | 📁 创建任务 20260512_134416 [portfolio] ''
13:44:16 | INFO  | 🦞main |    🎨 样式: purple/liquid/square
13:44:16 | INFO  | 🦞main | ▶ run_task 启动 | 目录: C:\Users\Livecha\.workbuddy\skills\lobster-research-v2.2\output\tasks\20260512_134416
13:44:16 | INFO  | 🦞task-runner | 📋 TaskRunner 初始化 | 任务 20260512_134416 | 类型 portfolio | 目录 C:\Users\Livecha\.workbuddy\skills\lobster-research-v2.2\output\tasks\20260512_134416
13:44:16 | INFO  | 🦞main | ▶ Phase 1 开始 | 步骤: ['portfolio', 'market_index', 'market_state', 'emu_portfolio', 'emu_operation', 'emu_reflection', 'search']
13:44:16 | INFO  | 🦞main |   ▶ 执行步骤: portfolio
13:44:16 | INFO  | 🦞task-runner |   开始持仓诊断: config/portfolio.json
13:44:16 | INFO  | 🦞main |   ▶ 执行步骤: market_index
13:44:16 | INFO  | 🦞task-runner |   开始采集大盘指数
13:44:17 | INFO  | 🦞main |   ▶ 执行步骤: market_state
13:44:17 | INFO  | 🦞task-runner |   开始采集大盘整体状况: market_state
13:44:17 | INFO  | 🦞task-runner |   ▶ 执行脚本: scripts/market_state.py
13:44:22 | INFO  | 🦞task-runner |   ✅ scripts/market_state.py → 成功 (0 bytes)
13:44:22 | INFO  | 🦞main |   ▶ 执行步骤: emu_portfolio
13:44:22 | INFO  | 🦞task-runner |   预留步骤占位: emu_portfolio → 6_emu_portfolio.json
13:44:22 | INFO  | 🦞main |   ▶ 执行步骤: emu_operation
13:44:22 | INFO  | 🦞task-runner |   预留步骤占位: emu_operation → 6_emu_operation_log.json
13:44:22 | INFO  | 🦞main |   ▶ 执行步骤: emu_reflection
13:44:22 | INFO  | 🦞task-runner |   预留步骤占位: emu_reflection → 6_emu_reflection_review.json
13:44:22 | INFO  | 🦞main |   ▶ 执行步骤: search
13:44:22 | INFO  | 🦞search | 📂 从 keywords/portfolio.json 加载 3 组搜索词
13:44:23 | INFO  | 🦞main | ✅ Phase 1 完成 | 任务 20260512_134416 | status=DATA_DONE | 步骤状态: {'portfolio': 'failed', 'market_index': 'done', 'market_state': 'done', 'emu_portfolio': 'done', 'emu_operation': 'done', 'emu_reflection': 'done', 'search': 'done'}
13:44:23 | INFO  | 🦞task-runner |   生成 Agent 简报: 5_agent_briefing.md
13:44:23 | INFO  | 🦞main |   ▶ run_mode=skill
13:44:23 | INFO  | 🦞main | 📋 Phase 2 已就绪 | 任务 20260512_134416 | 等待 Agent 填充 5_agent_report_input.json
13:46:54 | INFO  | 🦞main | 🚀 CLI 启动: generate
13:46:54 | INFO  | 🦞main | 📄 Generate 任务 20260512_134416 (类型: chicang_zhenduan)
13:46:54 | INFO  | 🦞main | ▶ Phase 3 开始: generate_report(20260512_134416)
13:46:54 | INFO  | 🦞task-runner | 📋 TaskRunner 初始化 | 任务 20260512_134416 | 类型 portfolio | 目录 C:\Users\Livecha\.workbuddy\skills\lobster-research-v2.2\output\tasks\20260512_134416
13:46:54 | INFO  | 🦞task-runner |   开始生成报告: C:\Users\Livecha\.workbuddy\skills\lobster-research-v2.2\output\tasks\20260512_134416\5_agent_report_input.json
13:47:02 | INFO  | 🦞emu | 
13:47:02 | INFO  | 🦞emu | ============================================================
13:47:02 | INFO  | 🦞emu |   🦞 模拟持仓周期
13:47:02 | INFO  | 🦞emu | ============================================================
13:47:02 | INFO  | 🦞emu | ℹ️  用户无真实持仓，跳过同步
13:47:02 | INFO  | 🦞emu | ℹ️  无交易决策
13:47:02 | INFO  | 🦞task-runner |   模拟盘: 无需交易 (decisions=0)
13:47:02 | INFO  | 🦞main | ✅ 报告生成成功 [chicang_zhenduan] C:\Users\Livecha\.workbuddy\skills\lobster-research-v2.2\output\tasks\20260512_134416\report_20260512_134416.pdf
14:04:58 | INFO  | 🦞main | 🚀 CLI 启动: generate
14:04:58 | INFO  | 🦞main | 📄 Generate 任务 20260512_134416 (类型: chicang_zhenduan)
14:04:58 | INFO  | 🦞main | ▶ Phase 3 开始: generate_report(20260512_134416)
14:04:58 | INFO  | 🦞task-runner | 📋 TaskRunner 初始化 | 任务 20260512_134416 | 类型 portfolio | 目录 C:\Users\Livecha\.workbuddy\skills\lobster-research-v2.2\output\tasks\20260512_134416
14:04:58 | INFO  | 🦞task-runner |   开始生成报告: C:\Users\Livecha\.workbuddy\skills\lobster-research-v2.2\output\tasks\20260512_134416\5_agent_report_input.json
14:05:05 | INFO  | 🦞emu | 
14:05:05 | INFO  | 🦞emu | ============================================================
14:05:05 | INFO  | 🦞emu |   🦞 模拟持仓周期
14:05:05 | INFO  | 🦞emu | ============================================================
14:05:05 | INFO  | 🦞emu | ℹ️  用户无真实持仓，跳过同步
14:05:05 | INFO  | 🦞emu | ℹ️  无交易决策
14:05:05 | INFO  | 🦞task-runner |   模拟盘: 无需交易 (decisions=0)
14:05:05 | INFO  | 🦞main | ✅ 报告生成成功 [chicang_zhenduan] C:\Users\Livecha\.workbuddy\skills\lobster-research-v2.2\output\tasks\20260512_134416\report_20260512_134416.pdf
14:20:53 | INFO  | 🦞main | 🚀 CLI 启动: emu
14:20:53 | INFO  | 🦞emu | 📝 初始反思记录（空仓）已创建
14:20:53 | INFO  | 🦞emu | 💰 新建模拟持仓：80000 元
14:26:53 | INFO  | 🦞main | 🚀 CLI 启动: portfolio
14:26:53 | INFO  | 🦞main | 📁 创建任务 20260512_142653 [portfolio] ''
14:26:53 | INFO  | 🦞main |    🎨 样式: purple/liquid/square
14:26:53 | INFO  | 🦞main | ▶ run_task 启动 | 目录: C:\Users\Livecha\.workbuddy\skills\lobster-research-v2.2\output\tasks\20260512_142653
14:26:53 | INFO  | 🦞task-runner | 📋 TaskRunner 初始化 | 任务 20260512_142653 | 类型 portfolio | 目录 C:\Users\Livecha\.workbuddy\skills\lobster-research-v2.2\output\tasks\20260512_142653
14:26:53 | INFO  | 🦞main | ▶ Phase 1 开始 | 步骤: ['portfolio', 'market_index', 'market_state', 'emu_portfolio', 'emu_operation', 'emu_reflection', 'search']
14:26:53 | INFO  | 🦞main |   ▶ 执行步骤: portfolio
14:26:53 | INFO  | 🦞task-runner |   开始持仓诊断: config/portfolio.json
14:26:53 | INFO  | 🦞main |   ▶ 执行步骤: market_index
14:26:53 | INFO  | 🦞task-runner |   开始采集大盘指数
14:26:53 | INFO  | 🦞main |   ▶ 执行步骤: market_state
14:26:53 | INFO  | 🦞task-runner |   开始采集大盘整体状况: market_state
14:26:53 | INFO  | 🦞task-runner |   ▶ 执行脚本: scripts/market_state.py
14:26:58 | INFO  | 🦞task-runner |   ✅ scripts/market_state.py → 成功 (0 bytes)
14:26:58 | INFO  | 🦞main |   ▶ 执行步骤: emu_portfolio
14:26:58 | INFO  | 🦞task-runner |   预留步骤占位: emu_portfolio → 6_emu_portfolio.json
14:26:58 | INFO  | 🦞main |   ▶ 执行步骤: emu_operation
14:26:58 | INFO  | 🦞task-runner |   预留步骤占位: emu_operation → 6_emu_operation_log.json
14:26:58 | INFO  | 🦞main |   ▶ 执行步骤: emu_reflection
14:26:58 | INFO  | 🦞task-runner |   预留步骤占位: emu_reflection → 6_emu_reflection_review.json
14:26:58 | INFO  | 🦞main |   ▶ 执行步骤: search
14:26:58 | INFO  | 🦞search | 📂 从 keywords/portfolio.json 加载 3 组搜索词
14:26:58 | INFO  | 🦞main | ✅ Phase 1 完成 | 任务 20260512_142653 | status=DATA_DONE | 步骤状态: {'portfolio': 'failed', 'market_index': 'done', 'market_state': 'done', 'emu_portfolio': 'done', 'emu_operation': 'done', 'emu_reflection': 'done', 'search': 'done'}
14:26:58 | INFO  | 🦞task-runner |   生成 Agent 简报: 5_agent_briefing.md
14:26:58 | INFO  | 🦞main |   ▶ run_mode=skill
14:26:58 | INFO  | 🦞main | 📋 Phase 2 已就绪 | 任务 20260512_142653 | 等待 Agent 填充 5_agent_report_input.json
14:27:36 | INFO  | 🦞main | 🚀 CLI 启动: portfolio
14:27:36 | INFO  | 🦞main | 📁 创建任务 20260512_142736 [portfolio] ''
14:27:36 | INFO  | 🦞main |    🎨 样式: purple/liquid/square
14:27:36 | INFO  | 🦞main | ▶ run_task 启动 | 目录: C:\Users\Livecha\.workbuddy\skills\lobster-research-v2.2\output\tasks\20260512_142736
14:27:36 | INFO  | 🦞task-runner | 📋 TaskRunner 初始化 | 任务 20260512_142736 | 类型 portfolio | 目录 C:\Users\Livecha\.workbuddy\skills\lobster-research-v2.2\output\tasks\20260512_142736
14:27:36 | INFO  | 🦞main | ▶ Phase 1 开始 | 步骤: ['portfolio', 'market_index', 'market_state', 'emu_portfolio', 'emu_operation', 'emu_reflection', 'search']
14:27:36 | INFO  | 🦞main |   ▶ 执行步骤: portfolio
14:27:36 | INFO  | 🦞task-runner |   开始持仓诊断: config/portfolio.json
14:27:36 | INFO  | 🦞main |   ▶ 执行步骤: market_index
14:27:36 | INFO  | 🦞task-runner |   开始采集大盘指数
14:27:37 | INFO  | 🦞main |   ▶ 执行步骤: market_state
14:27:37 | INFO  | 🦞task-runner |   开始采集大盘整体状况: market_state
14:27:37 | INFO  | 🦞task-runner |   ▶ 执行脚本: scripts/market_state.py
14:27:42 | INFO  | 🦞task-runner |   ✅ scripts/market_state.py → 成功 (0 bytes)
14:27:42 | INFO  | 🦞main |   ▶ 执行步骤: emu_portfolio
14:27:42 | INFO  | 🦞task-runner |   预留步骤占位: emu_portfolio → 6_emu_portfolio.json
14:27:42 | INFO  | 🦞main |   ▶ 执行步骤: emu_operation
14:27:42 | INFO  | 🦞task-runner |   预留步骤占位: emu_operation → 6_emu_operation_log.json
14:27:42 | INFO  | 🦞main |   ▶ 执行步骤: emu_reflection
14:27:42 | INFO  | 🦞task-runner |   预留步骤占位: emu_reflection → 6_emu_reflection_review.json
14:27:42 | INFO  | 🦞main |   ▶ 执行步骤: search
14:27:42 | INFO  | 🦞search | 📂 从 keywords/portfolio.json 加载 3 组搜索词
14:27:44 | INFO  | 🦞main | ✅ Phase 1 完成 | 任务 20260512_142736 | status=DATA_DONE | 步骤状态: {'portfolio': 'failed', 'market_index': 'done', 'market_state': 'done', 'emu_portfolio': 'done', 'emu_operation': 'done', 'emu_reflection': 'done', 'search': 'done'}
14:27:44 | INFO  | 🦞task-runner |   生成 Agent 简报: 5_agent_briefing.md
14:27:44 | INFO  | 🦞main |   ▶ run_mode=skill
14:27:44 | INFO  | 🦞main | 📋 Phase 2 已就绪 | 任务 20260512_142736 | 等待 Agent 填充 5_agent_report_input.json
14:36:01 | INFO  | 🦞main | 🚀 CLI 启动: portfolio
14:36:01 | INFO  | 🦞main | 📁 创建任务 20260512_143601 [portfolio] ''
14:36:01 | INFO  | 🦞main |    🎨 样式: purple/liquid/square
14:36:01 | INFO  | 🦞main | ▶ run_task 启动 | 目录: C:\Users\Livecha\.workbuddy\skills\lobster-research-v2.2\output\tasks\20260512_143601
14:36:01 | INFO  | 🦞task-runner | 📋 TaskRunner 初始化 | 任务 20260512_143601 | 类型 portfolio | 目录 C:\Users\Livecha\.workbuddy\skills\lobster-research-v2.2\output\tasks\20260512_143601
14:36:01 | INFO  | 🦞main | ▶ Phase 1 开始 | 步骤: ['portfolio', 'market_index', 'market_state', 'emu_portfolio', 'emu_operation', 'emu_reflection', 'search']
14:36:01 | INFO  | 🦞main |   ▶ 执行步骤: portfolio
14:36:01 | INFO  | 🦞task-runner |   开始持仓诊断: config/portfolio.json
14:36:01 | INFO  | 🦞main |   ▶ 执行步骤: market_index
14:36:01 | INFO  | 🦞task-runner |   开始采集大盘指数
14:36:02 | INFO  | 🦞main |   ▶ 执行步骤: market_state
14:36:02 | INFO  | 🦞task-runner |   开始采集大盘整体状况: market_state
14:36:02 | INFO  | 🦞task-runner |   ▶ 执行脚本: scripts/market_state.py
14:36:07 | INFO  | 🦞task-runner |   ✅ scripts/market_state.py → 成功 (0 bytes)
14:36:07 | INFO  | 🦞main |   ▶ 执行步骤: emu_portfolio
14:36:07 | INFO  | 🦞task-runner |   预留步骤占位: emu_portfolio → 6_emu_portfolio.json
14:36:07 | INFO  | 🦞main |   ▶ 执行步骤: emu_operation
14:36:07 | INFO  | 🦞task-runner |   预留步骤占位: emu_operation → 6_emu_operation_log.json
14:36:07 | INFO  | 🦞main |   ▶ 执行步骤: emu_reflection
14:36:07 | INFO  | 🦞task-runner |   预留步骤占位: emu_reflection → 6_emu_reflection_review.json
14:36:07 | INFO  | 🦞main |   ▶ 执行步骤: search
14:36:07 | INFO  | 🦞search | 📂 从 keywords/portfolio.json 加载 3 组搜索词
14:36:08 | INFO  | 🦞main | ✅ Phase 1 完成 | 任务 20260512_143601 | status=DATA_DONE | 步骤状态: {'portfolio': 'failed', 'market_index': 'done', 'market_state': 'done', 'emu_portfolio': 'done', 'emu_operation': 'done', 'emu_reflection': 'done', 'search': 'done'}
14:36:08 | INFO  | 🦞task-runner |   生成 Agent 简报: 5_agent_briefing.md
14:36:08 | INFO  | 🦞main |   ▶ run_mode=skill
14:36:08 | INFO  | 🦞main | 📋 Phase 2 已就绪 | 任务 20260512_143601 | 等待 Agent 填充 5_agent_report_input.json
14:37:28 | INFO  | 🦞main | 🚀 CLI 启动: generate
14:37:28 | INFO  | 🦞main | 📄 Generate 任务 20260512_143601 (类型: chicang_zhenduan)
14:37:28 | INFO  | 🦞main | ▶ Phase 3 开始: generate_report(20260512_143601)
14:37:28 | INFO  | 🦞task-runner | 📋 TaskRunner 初始化 | 任务 20260512_143601 | 类型 portfolio | 目录 C:\Users\Livecha\.workbuddy\skills\lobster-research-v2.2\output\tasks\20260512_143601
14:37:28 | INFO  | 🦞task-runner |   开始生成报告: C:\Users\Livecha\.workbuddy\skills\lobster-research-v2.2\output\tasks\20260512_143601\5_agent_report_input.json
14:37:31 | INFO  | 🦞emu | 
14:37:31 | INFO  | 🦞emu | ============================================================
14:37:31 | INFO  | 🦞emu |   🦞 模拟持仓周期
14:37:31 | INFO  | 🦞emu | ============================================================
14:37:31 | INFO  | 🦞emu | ℹ️  用户无真实持仓，跳过同步
14:37:31 | INFO  | 🦞emu | ℹ️  无交易决策
14:37:31 | INFO  | 🦞task-runner |   模拟盘: 无需交易 (decisions=0)
14:37:31 | INFO  | 🦞main | ✅ 报告生成成功 [chicang_zhenduan] C:\Users\Livecha\.workbuddy\skills\lobster-research-v2.2\output\tasks\20260512_143601\report_20260512_143601.pdf
14:41:15 | INFO  | 🦞main | 🚀 CLI 启动: portfolio
14:41:15 | INFO  | 🦞main | 📁 创建任务 20260512_144115 [portfolio] ''
14:41:15 | INFO  | 🦞main |    🎨 样式: purple/liquid/square
14:41:15 | INFO  | 🦞main | ▶ run_task 启动 | 目录: C:\Users\Livecha\.workbuddy\skills\lobster-research-v2.2\output\tasks\20260512_144115
14:41:15 | INFO  | 🦞task-runner | 📋 TaskRunner 初始化 | 任务 20260512_144115 | 类型 portfolio | 目录 C:\Users\Livecha\.workbuddy\skills\lobster-research-v2.2\output\tasks\20260512_144115
14:41:15 | INFO  | 🦞main | ▶ Phase 1 开始 | 步骤: ['portfolio', 'market_index', 'market_state', 'emu_portfolio', 'emu_operation', 'emu_reflection', 'search']
14:41:15 | INFO  | 🦞main |   ▶ 执行步骤: portfolio
14:41:15 | INFO  | 🦞task-runner |   开始持仓诊断: config/portfolio.json
14:41:15 | INFO  | 🦞main |   ▶ 执行步骤: market_index
14:41:15 | INFO  | 🦞task-runner |   开始采集大盘指数
14:41:16 | INFO  | 🦞main |   ▶ 执行步骤: market_state
14:41:16 | INFO  | 🦞task-runner |   开始采集大盘整体状况: market_state
14:41:16 | INFO  | 🦞task-runner |   ▶ 执行脚本: scripts/market_state.py
14:41:21 | INFO  | 🦞task-runner |   ✅ scripts/market_state.py → 成功 (0 bytes)
14:41:21 | INFO  | 🦞main |   ▶ 执行步骤: emu_portfolio
14:41:21 | INFO  | 🦞task-runner |   预留步骤占位: emu_portfolio → 6_emu_portfolio.json
14:41:21 | INFO  | 🦞main |   ▶ 执行步骤: emu_operation
14:41:21 | INFO  | 🦞task-runner |   预留步骤占位: emu_operation → 6_emu_operation_log.json
14:41:21 | INFO  | 🦞main |   ▶ 执行步骤: emu_reflection
14:41:21 | INFO  | 🦞task-runner |   预留步骤占位: emu_reflection → 6_emu_reflection_review.json
14:41:21 | INFO  | 🦞main |   ▶ 执行步骤: search
14:41:21 | INFO  | 🦞search | 📂 从 keywords/portfolio.json 加载 3 组搜索词
14:41:22 | INFO  | 🦞main | ✅ Phase 1 完成 | 任务 20260512_144115 | status=DATA_DONE | 步骤状态: {'portfolio': 'failed', 'market_index': 'done', 'market_state': 'done', 'emu_portfolio': 'done', 'emu_operation': 'done', 'emu_reflection': 'done', 'search': 'done'}
14:41:22 | INFO  | 🦞task-runner |   生成 Agent 简报: 5_agent_briefing.md
14:41:22 | INFO  | 🦞main |   ▶ run_mode=skill
14:41:22 | INFO  | 🦞main | 📋 Phase 2 已就绪 | 任务 20260512_144115 | 等待 Agent 填充 5_agent_report_input.json
14:42:35 | INFO  | 🦞main | 🚀 CLI 启动: generate
14:42:35 | INFO  | 🦞main | 📄 Generate 任务 20260512_144115 (类型: chicang_zhenduan)
14:42:35 | INFO  | 🦞main | ▶ Phase 3 开始: generate_report(20260512_144115)
14:42:35 | INFO  | 🦞task-runner | 📋 TaskRunner 初始化 | 任务 20260512_144115 | 类型 portfolio | 目录 C:\Users\Livecha\.workbuddy\skills\lobster-research-v2.2\output\tasks\20260512_144115
14:42:35 | INFO  | 🦞task-runner |   开始生成报告: C:\Users\Livecha\.workbuddy\skills\lobster-research-v2.2\output\tasks\20260512_144115\5_agent_report_input.json
14:42:39 | INFO  | 🦞emu | 
14:42:39 | INFO  | 🦞emu | ============================================================
14:42:39 | INFO  | 🦞emu |   🦞 模拟持仓周期
14:42:39 | INFO  | 🦞emu | ============================================================
14:42:39 | INFO  | 🦞emu | ℹ️  用户无真实持仓，跳过同步
14:42:39 | INFO  | 🦞emu | ℹ️  无交易决策
14:42:39 | INFO  | 🦞task-runner |   模拟盘: 无需交易 (decisions=0)
14:42:39 | INFO  | 🦞main | ✅ 报告生成成功 [chicang_zhenduan] C:\Users\Livecha\.workbuddy\skills\lobster-research-v2.2\output\tasks\20260512_144115\report_20260512_144115.pdf
14:55:10 | INFO  | 🦞main | 🚀 CLI 启动: smart
14:55:10 | INFO  | 🦞main | 🔍 Smart 匹配: '空仓持仓诊断' → tier=news domain=持仓
14:55:10 | INFO  | 🦞task-runner | 📋 TaskRunner 初始化 | 任务 20260512_145510 | 类型 smart | 目录 C:\Users\Livecha\.workbuddy\skills\lobster-research-v2.2\output\tasks\20260512_145510
14:55:10 | INFO  | 🦞task-runner |   开始持仓诊断: 默认持仓
14:55:10 | INFO  | 🦞task-runner |   开始采集大盘指数
14:55:11 | INFO  | 🦞task-runner |   开始采集大盘整体状况: market_state
14:55:11 | INFO  | 🦞task-runner |   ▶ 执行脚本: scripts/market_state.py
14:55:17 | INFO  | 🦞task-runner |   ✅ scripts/market_state.py → 成功 (0 bytes)
14:55:17 | INFO  | 🦞task-runner |   预留步骤占位: emu_portfolio → 6_emu_portfolio.json
14:55:17 | INFO  | 🦞task-runner |   预留步骤占位: emu_operation → 6_emu_operation_log.json
14:55:17 | INFO  | 🦞task-runner |   预留步骤占位: emu_reflection → 6_emu_reflection_review.json
14:55:17 | INFO  | 🦞task-runner |   开始关键词搜索: 1 个关键词
14:55:17 | INFO  | 🦞task-runner |   ▶ 执行脚本: scripts/websearch_pro.py
14:55:20 | INFO  | 🦞task-runner |   ✅ scripts/websearch_pro.py → 成功 (796 bytes)
14:55:43 | INFO  | 🦞main | 🚀 CLI 启动: smart
14:55:43 | INFO  | 🦞main | 🔍 Smart 匹配: '空仓状态深度持仓诊断分析研报' → tier=deep domain=持仓
14:55:43 | INFO  | 🦞main | 🔍 Smart 路由: domain=portfolio tier=deep → 任务 20260512_145543
14:55:43 | INFO  | 🦞task-runner | 📋 TaskRunner 初始化 | 任务 20260512_145543 | 类型 smart | 目录 C:\Users\Livecha\.workbuddy\skills\lobster-research-v2.2\output\tasks\20260512_145543
14:55:43 | INFO  | 🦞main | ▶ Phase 1 开始 (smart) | 步骤: ['portfolio', 'market_index', 'market_state', 'emu_portfolio', 'emu_operation', 'emu_reflection', 'search']
14:55:43 | INFO  | 🦞main |   ▶ 执行步骤: portfolio
14:55:43 | INFO  | 🦞task-runner |   开始持仓诊断: 默认持仓
14:55:43 | INFO  | 🦞main |   ▶ 执行步骤: market_index
14:55:43 | INFO  | 🦞task-runner |   开始采集大盘指数
14:55:43 | INFO  | 🦞main |   ▶ 执行步骤: market_state
14:55:43 | INFO  | 🦞task-runner |   开始采集大盘整体状况: market_state
14:55:43 | INFO  | 🦞task-runner |   ▶ 执行脚本: scripts/market_state.py
14:55:48 | INFO  | 🦞task-runner |   ✅ scripts/market_state.py → 成功 (0 bytes)
14:55:48 | INFO  | 🦞main |   ▶ 执行步骤: emu_portfolio
14:55:48 | INFO  | 🦞task-runner |   预留步骤占位: emu_portfolio → 6_emu_portfolio.json
14:55:48 | INFO  | 🦞main |   ▶ 执行步骤: emu_operation
14:55:48 | INFO  | 🦞task-runner |   预留步骤占位: emu_operation → 6_emu_operation_log.json
14:55:48 | INFO  | 🦞main |   ▶ 执行步骤: emu_reflection
14:55:48 | INFO  | 🦞task-runner |   预留步骤占位: emu_reflection → 6_emu_reflection_review.json
14:55:48 | INFO  | 🦞main |   ▶ 执行步骤: search
14:55:48 | INFO  | 🦞search | 📂 从 keywords/smart.json 加载 3 组搜索词
14:55:49 | INFO  | 🦞main | ✅ Phase 1 完成 (smart) | 任务 20260512_145543 | status=DATA_DONE | 步骤状态: {'portfolio': 'failed', 'market_index': 'done', 'market_state': 'done', 'emu_portfolio': 'done', 'emu_operation': 'done', 'emu_reflection': 'done', 'search': 'done'}
14:55:49 | INFO  | 🦞task-runner |   生成 Agent 简报: 5_agent_briefing.md
14:55:49 | INFO  | 🦞main |   ▶ run_mode=skill
14:55:49 | INFO  | 🦞main | 📋 Phase 2 已就绪 (smart) | 任务 20260512_145543 | 等待 Agent 填充 5_agent_report_input.json
14:59:43 | INFO  | 🦞main | 🚀 CLI 启动: generate
14:59:43 | INFO  | 🦞main | 📄 Generate 任务 20260512_145543 (类型: portfolio)
14:59:43 | INFO  | 🦞main | ▶ Phase 3 开始: generate_report(20260512_145543)
14:59:43 | INFO  | 🦞task-runner | 📋 TaskRunner 初始化 | 任务 20260512_145543 | 类型 smart | 目录 C:\Users\Livecha\.workbuddy\skills\lobster-research-v2.2\output\tasks\20260512_145543
14:59:43 | INFO  | 🦞task-runner |   开始生成报告: C:\Users\Livecha\.workbuddy\skills\lobster-research-v2.2\output\tasks\20260512_145543\5_agent_report_input.json
14:59:51 | INFO  | 🦞main | ✅ 报告生成成功 [portfolio] C:\Users\Livecha\.workbuddy\skills\lobster-research-v2.2\output\tasks\20260512_145543\report_20260512_145543.pdf
15:05:46 | INFO  | 🦞main | 🚀 CLI 启动: screener
15:05:46 | INFO  | 🦞main |    🎯 投资风格《growth》→ 自动派生选股主题: 高科技 高成长 新兴 景气赛道
15:05:46 | INFO  | 🦞main | 📁 创建任务 20260512_150546 [screener] ''
15:05:46 | INFO  | 🦞main |    🎨 样式: purple/liquid/square
15:05:46 | INFO  | 🦞main | ▶ run_task 启动 | 目录: C:\Users\Livecha\.workbuddy\skills\lobster-research-v2.2\output\tasks\20260512_150546
15:05:46 | INFO  | 🦞task-runner | 📋 TaskRunner 初始化 | 任务 20260512_150546 | 类型 screener | 目录 C:\Users\Livecha\.workbuddy\skills\lobster-research-v2.2\output\tasks\20260512_150546
15:05:46 | INFO  | 🦞main | ▶ Phase 1 开始 | 步骤: ['market_index', 'market_state', 'news_market_flash', 'search_research', 'search_stock_batch', 'search']
15:05:46 | INFO  | 🦞main |   ▶ 执行步骤: market_index
15:05:46 | INFO  | 🦞task-runner |   开始采集大盘指数
15:05:47 | INFO  | 🦞main |   ▶ 执行步骤: market_state
15:05:47 | INFO  | 🦞task-runner |   开始采集大盘整体状况: market_state
15:05:47 | INFO  | 🦞task-runner |   ▶ 执行脚本: scripts/market_state.py
15:05:51 | INFO  | 🦞task-runner |   ✅ scripts/market_state.py → 成功 (0 bytes)
15:05:51 | INFO  | 🦞main |   ▶ 执行步骤: news_market_flash
15:05:51 | INFO  | 🦞task-runner |   预留步骤占位: news_market_flash → 3_news_market_flash.json
15:05:51 | INFO  | 🦞main |   ▶ 执行步骤: search_research
15:05:51 | INFO  | 🦞task-runner |   预留步骤占位: search_research → 4_search_research_report.json
15:05:51 | INFO  | 🦞main |   ▶ 执行步骤: search_stock_batch
15:05:51 | INFO  | 🦞task-runner |   预留步骤占位: search_stock_batch → 4_search_stock_batch.json
15:05:51 | INFO  | 🦞main |   ▶ 执行步骤: search
15:05:51 | INFO  | 🦞search | 📂 从 keywords/screener.json 加载 3 组搜索词
15:05:54 | INFO  | 🦞main | ✅ Phase 1 完成 | 任务 20260512_150546 | status=DATA_DONE | 步骤状态: {'market_index': 'done', 'market_state': 'done', 'news_market_flash': 'done', 'search_research': 'done', 'search_stock_batch': 'done', 'search': 'done'}
15:05:54 | INFO  | 🦞task-runner |   生成 Agent 简报: 5_agent_briefing.md
15:05:54 | INFO  | 🦞main |   ▶ run_mode=skill
15:05:54 | INFO  | 🦞main | 📋 Phase 2 已就绪 | 任务 20260512_150546 | 等待 Agent 填充 5_agent_report_input.json
15:10:57 | INFO  | 🦞main | 🚀 CLI 启动: generate
15:10:57 | INFO  | 🦞main | 📄 Generate 任务 20260512_150546 (类型: kuaisu_xuangu)
15:10:57 | INFO  | 🦞main | ▶ Phase 3 开始: generate_report(20260512_150546)
15:10:57 | INFO  | 🦞task-runner | 📋 TaskRunner 初始化 | 任务 20260512_150546 | 类型 screener | 目录 C:\Users\Livecha\.workbuddy\skills\lobster-research-v2.2\output\tasks\20260512_150546
15:10:57 | INFO  | 🦞task-runner |   开始生成报告: C:\Users\Livecha\.workbuddy\skills\lobster-research-v2.2\output\tasks\20260512_150546\5_agent_report_input.json
15:10:57 | ERROR | 🦞main | ❌  报告生成失败: Invalid control character at: line 58 column 333 (char 3498)
15:16:23 | INFO  | 🦞main | 🚀 CLI 启动: generate
15:16:23 | INFO  | 🦞main | 📄 Generate 任务 20260512_150546 (类型: kuaisu_xuangu)
15:16:23 | INFO  | 🦞main | ▶ Phase 3 开始: generate_report(20260512_150546)
15:16:23 | INFO  | 🦞task-runner | 📋 TaskRunner 初始化 | 任务 20260512_150546 | 类型 screener | 目录 C:\Users\Livecha\.workbuddy\skills\lobster-research-v2.2\output\tasks\20260512_150546
15:16:23 | INFO  | 🦞task-runner |   开始生成报告: C:\Users\Livecha\.workbuddy\skills\lobster-research-v2.2\output\tasks\20260512_150546\5_agent_report_input.json
15:16:23 | ERROR | 🦞main | ❌  报告生成失败: 'LobsterLogger' object has no attribute 'warning'
15:16:34 | INFO  | 🦞main | 🚀 CLI 启动: generate
15:16:34 | INFO  | 🦞main | 📄 Generate 任务 20260512_150546 (类型: kuaisu_xuangu)
15:16:34 | INFO  | 🦞main | ▶ Phase 3 开始: generate_report(20260512_150546)
15:16:34 | INFO  | 🦞task-runner | 📋 TaskRunner 初始化 | 任务 20260512_150546 | 类型 screener | 目录 C:\Users\Livecha\.workbuddy\skills\lobster-research-v2.2\output\tasks\20260512_150546
15:16:34 | INFO  | 🦞task-runner |   开始生成报告: C:\Users\Livecha\.workbuddy\skills\lobster-research-v2.2\output\tasks\20260512_150546\5_agent_report_input.json
15:16:34 | WARNING | 🦞task-runner | ⚠️  JSON 解析失败，尝试自动修复常见问题…
15:16:34 | INFO  | 🦞task-runner |   ✅ JSON 自动修复成功，已回写
15:16:41 | INFO  | 🦞main | ✅ 报告生成成功 [kuaisu_xuangu] C:\Users\Livecha\.workbuddy\skills\lobster-research-v2.2\output\tasks\20260512_150546\report_20260512_150546.pdf
